Traceback (most recent call last):
  File "/home/valeria/.local/share/pipx/venvs/jupyter-book/lib/python3.12/site-packages/jupyter_cache/executors/utils.py", line 58, in single_nb_execution
    executenb(
  File "/home/valeria/.local/share/pipx/venvs/jupyter-book/lib/python3.12/site-packages/nbclient/client.py", line 1314, in execute
    return NotebookClient(nb=nb, resources=resources, km=km, **kwargs).execute()
           ^^^^^^^^^^^^^^^^^^^^^^^^^^^^^^^^^^^^^^^^^^^^^^^^^^^^^^^^^^^^^^^^^^^^^
  File "/home/valeria/.local/share/pipx/venvs/jupyter-book/lib/python3.12/site-packages/jupyter_core/utils/__init__.py", line 165, in wrapped
    return loop.run_until_complete(inner)
           ^^^^^^^^^^^^^^^^^^^^^^^^^^^^^^
  File "/usr/lib/python3.12/asyncio/base_events.py", line 687, in run_until_complete
    return future.result()
           ^^^^^^^^^^^^^^^
  File "/home/valeria/.local/share/pipx/venvs/jupyter-book/lib/python3.12/site-packages/nbclient/client.py", line 709, in async_execute
    await self.async_execute_cell(
  File "/home/valeria/.local/share/pipx/venvs/jupyter-book/lib/python3.12/site-packages/nbclient/client.py", line 1062, in async_execute_cell
    await self._check_raise_for_error(cell, cell_index, exec_reply)
  File "/home/valeria/.local/share/pipx/venvs/jupyter-book/lib/python3.12/site-packages/nbclient/client.py", line 918, in _check_raise_for_error
    raise CellExecutionError.from_cell_and_msg(cell, exec_reply_content)
nbclient.exceptions.CellExecutionError: An error occurred while executing the following cell:
------------------
CUDA.allowscalar(false)

a[1] .+ 1 # this will error again

------------------


Scalar indexing is disallowed.
Invocation of getindex resulted in scalar indexing of a GPU array.
This is typically caused by calling an iterating implementation of a method.
Such implementations *do not* execute on the GPU, but very slowly on the CPU,
and therefore should be avoided.

If you want to allow scalar iteration, use `allowscalar` or `@allowscalar`
to enable scalar iteration globally or for the operations in question.

Stacktrace:
 [1] error(s::String)
   @ Base ./error.jl:35
 [2] errorscalar(op::String)
   @ GPUArraysCore ~/.julia/packages/GPUArraysCore/aNaXo/src/GPUArraysCore.jl:151
 [3] _assertscalar(op::String, behavior::GPUArraysCore.ScalarIndexing)
   @ GPUArraysCore ~/.julia/packages/GPUArraysCore/aNaXo/src/GPUArraysCore.jl:124
 [4] assertscalar(op::String)
   @ GPUArraysCore ~/.julia/packages/GPUArraysCore/aNaXo/src/GPUArraysCore.jl:112
 [5] getindex(A::CuArray{Int64, 1, CUDA.DeviceMemory}, I::Int64)
   @ GPUArrays ~/.julia/packages/GPUArrays/sBzM5/src/host/indexing.jl:50
 [6] top-level scope
   @ In[2]:3

